
> @union-investment/solid@1.2.5 build.storybook /Users/azra.efendic/Desktop/dev/ui/solid
> storybook build --output-dir dist/storybook && cp dist/custom-elements.json dist/storybook/custom-elements.json

@storybook/cli v7.0.20

info => Cleaning outputDir: /dist/storybook
info => Loading presets
WARN The "@storybook/addon-mdx-gfm" addon is meant as a migration assistant for Storybook 7.0; and will likely be removed in a future version.
WARN It's recommended you read this document:
WARN https://storybook.js.org/docs/react/writing-docs/mdx#lack-of-github-flavored-markdown-gfm
WARN 
WARN Once you've made the necessary changes, you can remove the addon from your package.json and storybook config.
info => Building manager..
info => Manager built (1.24 s)
info => Copying static files: /Users/azra.efendic/Desktop/dev/ui/solid/node_modules/.pnpm/@storybook+manager@7.0.20/node_modules/@storybook/manager/static at /Users/azra.efendic/Desktop/dev/ui/solid/dist/storybook/sb-common-assets
info => Copying static files: /Users/azra.efendic/Desktop/dev/ui/solid/.storybook/assets at /Users/azra.efendic/Desktop/dev/ui/solid/dist/storybook/
vite v4.3.9 building for production...

./sb-common-assets/fonts.css doesn't exist at build time, it will remain unchanged to be resolved at runtime
transforming...
node_modules/.pnpm/telejson@7.1.0/node_modules/telejson/dist/index.mjs (1394:15) Use of eval in "node_modules/.pnpm/telejson@7.1.0/node_modules/telejson/dist/index.mjs" is strongly discouraged as it poses security risks and may cause issues with minification.
node_modules/.pnpm/telejson@7.1.0/node_modules/telejson/dist/index.mjs (1397:18) Use of eval in "node_modules/.pnpm/telejson@7.1.0/node_modules/telejson/dist/index.mjs" is strongly discouraged as it poses security risks and may cause issues with minification.
✓ 586 modules transformed.
rendering chunks...
[vite-plugin-custom-elements-manifest] 

[solid-custom-tags]: Looks like you've hit an error in third party plugin: solid-custom-tags. Please try to create a minimal reproduction and inform the author of the solid-custom-tags plugin.

 ReferenceError: noDash is not defined
    at <anonymous> (/Users/azra.efendic/Desktop/dev/ui/solid/custom-elements-manifest.config.ts:89:34)
    at Array.forEach (<anonymous>)
    at analyzePhase (/Users/azra.efendic/Desktop/dev/ui/solid/custom-elements-manifest.config.ts:80:29)
    at file:///Users/azra.efendic/Desktop/dev/ui/solid/node_modules/.pnpm/@custom-elements-manifest+analyzer@0.6.9/node_modules/@custom-elements-manifest/analyzer/src/create.js:105:23
    at withErrorHandling (file:///Users/azra.efendic/Desktop/dev/ui/solid/node_modules/.pnpm/@custom-elements-manifest+analyzer@0.6.9/node_modules/@custom-elements-manifest/analyzer/src/utils/index.js:58:5)
    at file:///Users/azra.efendic/Desktop/dev/ui/solid/node_modules/.pnpm/@custom-elements-manifest+analyzer@0.6.9/node_modules/@custom-elements-manifest/analyzer/src/create.js:104:7
    at Array.forEach (<anonymous>)
    at visitNode (file:///Users/azra.efendic/Desktop/dev/ui/solid/node_modules/.pnpm/@custom-elements-manifest+analyzer@0.6.9/node_modules/@custom-elements-manifest/analyzer/src/create.js:103:19)
    at visitNodes (/Users/azra.efendic/Desktop/dev/ui/solid/node_modules/.pnpm/typescript@4.3.5/node_modules/typescript/lib/typescript.js:29004:30)
    at Object.forEachChild (/Users/azra.efendic/Desktop/dev/ui/solid/node_modules/.pnpm/typescript@4.3.5/node_modules/typescript/lib/typescript.js:29243:24)

✓ built in 14.25s
ERR! Error: 
ERR! 
ERR! [solid-custom-tags]: Looks like you've hit an error in third party plugin: solid-custom-tags. Please try to create a minimal reproduction and inform the author of the solid-custom-tags plugin.
ERR! 
ERR!  ReferenceError: noDash is not defined
ERR!     at <anonymous> (/Users/azra.efendic/Desktop/dev/ui/solid/custom-elements-manifest.config.ts:89:34)
ERR!     at Array.forEach (<anonymous>)
ERR!     at analyzePhase (/Users/azra.efendic/Desktop/dev/ui/solid/custom-elements-manifest.config.ts:80:29)
ERR!     at file:///Users/azra.efendic/Desktop/dev/ui/solid/node_modules/.pnpm/@custom-elements-manifest+analyzer@0.6.9/node_modules/@custom-elements-manifest/analyzer/src/create.js:105:23
ERR!     at withErrorHandling (file:///Users/azra.efendic/Desktop/dev/ui/solid/node_modules/.pnpm/@custom-elements-manifest+analyzer@0.6.9/node_modules/@custom-elements-manifest/analyzer/src/utils/index.js:58:5)
ERR!     at file:///Users/azra.efendic/Desktop/dev/ui/solid/node_modules/.pnpm/@custom-elements-manifest+analyzer@0.6.9/node_modules/@custom-elements-manifest/analyzer/src/create.js:104:7
ERR!     at Array.forEach (<anonymous>)
ERR!     at visitNode (file:///Users/azra.efendic/Desktop/dev/ui/solid/node_modules/.pnpm/@custom-elements-manifest+analyzer@0.6.9/node_modules/@custom-elements-manifest/analyzer/src/create.js:103:19)
ERR!     at visitNodes (/Users/azra.efendic/Desktop/dev/ui/solid/node_modules/.pnpm/typescript@4.3.5/node_modules/typescript/lib/typescript.js:29004:30)
ERR!     at Object.forEachChild (/Users/azra.efendic/Desktop/dev/ui/solid/node_modules/.pnpm/typescript@4.3.5/node_modules/typescript/lib/typescript.js:29243:24)
ERR! 
ERR!     at withErrorHandling (file:///Users/azra.efendic/Desktop/dev/ui/solid/node_modules/.pnpm/@custom-elements-manifest+analyzer@0.6.9/node_modules/@custom-elements-manifest/analyzer/src/utils/index.js:67:11)
ERR!     at file:///Users/azra.efendic/Desktop/dev/ui/solid/node_modules/.pnpm/@custom-elements-manifest+analyzer@0.6.9/node_modules/@custom-elements-manifest/analyzer/src/create.js:104:7
ERR!     at Array.forEach (<anonymous>)
ERR!     at visitNode (file:///Users/azra.efendic/Desktop/dev/ui/solid/node_modules/.pnpm/@custom-elements-manifest+analyzer@0.6.9/node_modules/@custom-elements-manifest/analyzer/src/create.js:103:19)
ERR!     at visitNodes (/Users/azra.efendic/Desktop/dev/ui/solid/node_modules/.pnpm/typescript@4.3.5/node_modules/typescript/lib/typescript.js:29004:30)
ERR!     at Object.forEachChild (/Users/azra.efendic/Desktop/dev/ui/solid/node_modules/.pnpm/typescript@4.3.5/node_modules/typescript/lib/typescript.js:29243:24)
ERR!     at visitNode (file:///Users/azra.efendic/Desktop/dev/ui/solid/node_modules/.pnpm/@custom-elements-manifest+analyzer@0.6.9/node_modules/@custom-elements-manifest/analyzer/src/create.js:109:8)
ERR!     at analyze (file:///Users/azra.efendic/Desktop/dev/ui/solid/node_modules/.pnpm/@custom-elements-manifest+analyzer@0.6.9/node_modules/@custom-elements-manifest/analyzer/src/create.js:100:3)
ERR!     at file:///Users/azra.efendic/Desktop/dev/ui/solid/node_modules/.pnpm/@custom-elements-manifest+analyzer@0.6.9/node_modules/@custom-elements-manifest/analyzer/src/create.js:51:5
ERR!     at Array.forEach (<anonymous>)
ERR!  Error: 
ERR! 
ERR! [solid-custom-tags]: Looks like you've hit an error in third party plugin: solid-custom-tags. Please try to create a minimal reproduction and inform the author of the solid-custom-tags plugin.
ERR! 
ERR!  ReferenceError: noDash is not defined
ERR!     at <anonymous> (/Users/azra.efendic/Desktop/dev/ui/solid/custom-elements-manifest.config.ts:89:34)
ERR!     at Array.forEach (<anonymous>)
ERR!     at analyzePhase (/Users/azra.efendic/Desktop/dev/ui/solid/custom-elements-manifest.config.ts:80:29)
ERR!     at file:///Users/azra.efendic/Desktop/dev/ui/solid/node_modules/.pnpm/@custom-elements-manifest+analyzer@0.6.9/node_modules/@custom-elements-manifest/analyzer/src/create.js:105:23
ERR!     at withErrorHandling (file:///Users/azra.efendic/Desktop/dev/ui/solid/node_modules/.pnpm/@custom-elements-manifest+analyzer@0.6.9/node_modules/@custom-elements-manifest/analyzer/src/utils/index.js:58:5)
ERR!     at file:///Users/azra.efendic/Desktop/dev/ui/solid/node_modules/.pnpm/@custom-elements-manifest+analyzer@0.6.9/node_modules/@custom-elements-manifest/analyzer/src/create.js:104:7
ERR!     at Array.forEach (<anonymous>)
ERR!     at visitNode (file:///Users/azra.efendic/Desktop/dev/ui/solid/node_modules/.pnpm/@custom-elements-manifest+analyzer@0.6.9/node_modules/@custom-elements-manifest/analyzer/src/create.js:103:19)
ERR!     at visitNodes (/Users/azra.efendic/Desktop/dev/ui/solid/node_modules/.pnpm/typescript@4.3.5/node_modules/typescript/lib/typescript.js:29004:30)
ERR!     at Object.forEachChild (/Users/azra.efendic/Desktop/dev/ui/solid/node_modules/.pnpm/typescript@4.3.5/node_modules/typescript/lib/typescript.js:29243:24)
ERR! 
ERR!     at withErrorHandling (file:///Users/azra.efendic/Desktop/dev/ui/solid/node_modules/.pnpm/@custom-elements-manifest+analyzer@0.6.9/node_modules/@custom-elements-manifest/analyzer/src/utils/index.js:67:11)
ERR!     at file:///Users/azra.efendic/Desktop/dev/ui/solid/node_modules/.pnpm/@custom-elements-manifest+analyzer@0.6.9/node_modules/@custom-elements-manifest/analyzer/src/create.js:104:7
ERR!     at Array.forEach (<anonymous>)
ERR!     at visitNode (file:///Users/azra.efendic/Desktop/dev/ui/solid/node_modules/.pnpm/@custom-elements-manifest+analyzer@0.6.9/node_modules/@custom-elements-manifest/analyzer/src/create.js:103:19)
ERR!     at visitNodes (/Users/azra.efendic/Desktop/dev/ui/solid/node_modules/.pnpm/typescript@4.3.5/node_modules/typescript/lib/typescript.js:29004:30)
ERR!     at Object.forEachChild (/Users/azra.efendic/Desktop/dev/ui/solid/node_modules/.pnpm/typescript@4.3.5/node_modules/typescript/lib/typescript.js:29243:24)
ERR!     at visitNode (file:///Users/azra.efendic/Desktop/dev/ui/solid/node_modules/.pnpm/@custom-elements-manifest+analyzer@0.6.9/node_modules/@custom-elements-manifest/analyzer/src/create.js:109:8)
ERR!     at analyze (file:///Users/azra.efendic/Desktop/dev/ui/solid/node_modules/.pnpm/@custom-elements-manifest+analyzer@0.6.9/node_modules/@custom-elements-manifest/analyzer/src/create.js:100:3)
ERR!     at file:///Users/azra.efendic/Desktop/dev/ui/solid/node_modules/.pnpm/@custom-elements-manifest+analyzer@0.6.9/node_modules/@custom-elements-manifest/analyzer/src/create.js:51:5
ERR!     at Array.forEach (<anonymous>) {
ERR!   code: 'PLUGIN_ERROR',
ERR!   plugin: 'vite-plugin-custom-elements-manifest',
ERR!   hook: 'generateBundle'
ERR! }
